<?xml version="1.0" encoding="utf-8"?>
<feed xmlns="http://www.w3.org/2005/Atom">
    <title type="text">test-atom feed</title>
    <updated>2020-09-20T06:00:00+02:00</updated>
    <id>feed-id</id>
    <link rel="self" type="application/atom+xml" href="should be a link"/>
    <link rel="alternate" type="text/html" href=""/>
    <rights>some copyright stuff</rights>
    
    <entry>
        <title type="text">Entry 1: interesting news</title>
        <id>the id of the first entry</id>
        <updated>2020-09-20T06:00:00+02:00</updated>
        <published>2020-09-20T06:00:00+02:00</published>
        <link href="the link to the first entry as href"/>
        <summary type="html">The summary of the first entry</summary>
        <content type="html"><![CDATA[<a href="the link to the first entry"><img src="an image to the first entry" alt="the alt text for the image of the first entry" /></a><p>Some content of the first entry</p>]]></content>
    </entry>
    
    <entry>
        <title type="text">Entry 2: older interesting news</title>
        <id>the id of the second entry</id>
        <updated>2020-09-19T15:53:00+02:00</updated>
        <published>2020-09-19T15:53:00+02:00</published>
        <link href="the link to the second entry as href"/>
        <summary type="html">The summary of the second entry</summary>
        <content type="html"><![CDATA[<a href="the link to the second entry"><img src="an image to the second entry" alt="the alt text for the image of the second entry" /></a><p>Some content of the second entry</p>]]></content>
    </entry>
    
</feed>
